<?xml version="1.0" encoding="UTF-8"?>
<!-- Generated by org.testng.reporters.JUnitReportReporter -->
<testsuite skipped="0" hostname="BLRABIRA252619" name="Demo" tests="1" failures="0" timestamp="12 Mar 2018 09:57:25 GMT" time="0.010" errors="0">
  <testcase name="testEmailGenerator" time="0.010" classname="Demo"/>
</testsuite> <!-- Demo -->
